<?xml version="1.0" encoding="UTF-8"?>
<!-- Generated by org.testng.reporters.JUnitReportReporter -->
<testsuite hostname="DESKTOP-ELJASUQ" failures="0" tests="3" name="api.test.UserTests" time="9.483" errors="0" timestamp="2024-01-17T18:51:29 IST" skipped="0">
  <testcase classname="api.test.UserTests" name="testPostUser" time="7.643"/>
  <testcase classname="api.test.UserTests" name="testGetUser" time="0.946"/>
  <testcase classname="api.test.UserTests" name="testUpdateUser" time="0.894"/>
</testsuite> <!-- api.test.UserTests -->
